<?xml version="1.0" encoding="UTF-8"?>
<!-- Generated by org.testng.reporters.JUnitReportReporter -->
<testsuite hostname="Sahana-Laptop" failures="0" tests="2" name="com.citibank.qa.test.LoginTest" time="4.297" errors="0" timestamp="2025-09-06T13:06:02 EDT" skipped="0">
  <testcase classname="com.citibank.qa.test.LoginTest" name="validLoginTest" time="1.617"/>
  <testcase classname="com.citibank.qa.test.LoginTest" name="invalidLoginTest" time="2.680"/>
</testsuite> <!-- com.citibank.qa.test.LoginTest -->
