<?xml version="1.0" encoding="UTF-8"?>
<!-- Generated by org.testng.reporters.JUnitReportReporter -->
<testsuite hostname="Sahana-Laptop" failures="0" tests="2" name="com.abc.loanapp.qa.tests.LoginTest" time="4.642" errors="0" timestamp="2025-09-08T23:00:16 EDT" skipped="0">
  <testcase classname="com.abc.loanapp.qa.tests.LoginTest" name="validLoginTest" time="1.839"/>
  <testcase classname="com.abc.loanapp.qa.tests.LoginTest" name="invalidLoginTest" time="2.803"/>
</testsuite> <!-- com.abc.loanapp.qa.tests.LoginTest -->
