<?xml version="1.0" encoding="UTF-8"?>
<!-- Generated by org.testng.reporters.JUnitReportReporter -->
<testsuite hostname="Sahana-Laptop" failures="0" tests="1" name="com.citibank.qa.test.SampleTest" time="2.980" errors="0" timestamp="2025-09-05T13:25:23 EDT" skipped="0">
  <testcase classname="com.citibank.qa.test.SampleTest" name="verifyGoogleTitle" time="2.980"/>
</testsuite> <!-- com.citibank.qa.test.SampleTest -->
